2024-09-20 10:06:33 INFO  o.h.validator.internal.util.Version - HV000001: Hibernate Validator 8.0.0.Final
2024-09-20 10:06:33 INFO  com.cab.DemoApplication - Starting DemoApplication using Java 17.0.9 with PID 22840 (C:\Users\byama\Desktop\Documents\WebLabs Projects\CabBooking\onlineCabBooking\onlineCabBooking\target\classes started by byama in C:\Users\byama\Desktop\Documents\WebLabs Projects\CabBooking\onlineCabBooking\onlineCabBooking)
2024-09-20 10:06:33 INFO  com.cab.DemoApplication - No active profile set, falling back to 1 default profile: "default"
2024-09-20 10:06:33 INFO  o.s.b.d.e.DevToolsPropertyDefaultsPostProcessor - Devtools property defaults active! Set 'spring.devtools.add-properties' to 'false' to disable
2024-09-20 10:06:33 INFO  o.s.b.d.e.DevToolsPropertyDefaultsPostProcessor - For additional web related logging consider setting the 'logging.level.web' property to 'DEBUG'
2024-09-20 10:06:35 INFO  o.s.d.r.c.RepositoryConfigurationDelegate - Bootstrapping Spring Data JPA repositories in DEFAULT mode.
2024-09-20 10:06:35 INFO  o.s.d.r.c.RepositoryConfigurationDelegate - Finished Spring Data repository scanning in 116 ms. Found 13 JPA repository interfaces.
2024-09-20 10:06:36 INFO  o.s.b.w.e.tomcat.TomcatWebServer - Tomcat initialized with port(s): 1996 (http)
2024-09-20 10:06:36 INFO  o.a.coyote.http11.Http11NioProtocol - Initializing ProtocolHandler ["http-nio-1996"]
2024-09-20 10:06:36 INFO  o.a.catalina.core.StandardService - Starting service [Tomcat]
2024-09-20 10:06:36 INFO  o.a.catalina.core.StandardEngine - Starting Servlet engine: [Apache Tomcat/10.1.7]
2024-09-20 10:06:36 INFO  o.a.c.c.C.[Tomcat].[localhost].[/] - Initializing Spring embedded WebApplicationContext
2024-09-20 10:06:36 INFO  o.s.b.w.s.c.ServletWebServerApplicationContext - Root WebApplicationContext: initialization completed in 3144 ms
2024-09-20 10:06:36 INFO  o.h.jpa.internal.util.LogHelper - HHH000204: Processing PersistenceUnitInfo [name: default]
2024-09-20 10:06:37 INFO  org.hibernate.Version - HHH000412: Hibernate ORM core version 6.1.7.Final
2024-09-20 10:06:37 INFO  com.zaxxer.hikari.HikariDataSource - HikariPool-1 - Starting...
2024-09-20 10:06:37 INFO  com.zaxxer.hikari.pool.HikariPool - HikariPool-1 - Added connection com.mysql.cj.jdbc.ConnectionImpl@5a8cd8b7
2024-09-20 10:06:37 INFO  com.zaxxer.hikari.HikariDataSource - HikariPool-1 - Start completed.
2024-09-20 10:06:37 INFO  SQL dialect - HHH000400: Using dialect: org.hibernate.dialect.MySQL8Dialect
2024-09-20 10:06:37 WARN  org.hibernate.orm.deprecation - HHH90000026: MySQL8Dialect has been deprecated; use org.hibernate.dialect.MySQLDialect instead
2024-09-20 10:06:39 INFO  o.h.e.t.j.p.i.JtaPlatformInitiator - HHH000490: Using JtaPlatform implementation: [org.hibernate.engine.transaction.jta.platform.internal.NoJtaPlatform]
2024-09-20 10:06:39 INFO  o.s.o.j.LocalContainerEntityManagerFactoryBean - Initialized JPA EntityManagerFactory for persistence unit 'default'
2024-09-20 10:06:40 WARN  o.s.b.a.o.j.JpaBaseConfiguration$JpaWebConfiguration - spring.jpa.open-in-view is enabled by default. Therefore, database queries may be performed during view rendering. Explicitly configure spring.jpa.open-in-view to disable this warning
2024-09-20 10:06:40 INFO  o.s.s.web.DefaultSecurityFilterChain - Will secure any request with [org.springframework.security.web.session.DisableEncodeUrlFilter@25e1e9d7, org.springframework.security.web.context.request.async.WebAsyncManagerIntegrationFilter@6291fd8, org.springframework.security.web.context.SecurityContextHolderFilter@5390238b, org.springframework.security.web.header.HeaderWriterFilter@5cd977e5, org.springframework.security.web.authentication.logout.LogoutFilter@1d493ea5, org.springframework.security.web.savedrequest.RequestCacheAwareFilter@1197f67a, org.springframework.security.web.servletapi.SecurityContextHolderAwareRequestFilter@77f36eb0, org.springframework.security.web.authentication.AnonymousAuthenticationFilter@99d3e12, org.springframework.security.web.access.ExceptionTranslationFilter@38787150, org.springframework.security.web.access.intercept.FilterSecurityInterceptor@4d2feaed]
2024-09-20 10:06:41 INFO  o.s.b.d.a.OptionalLiveReloadServer - LiveReload server is running on port 35729
2024-09-20 10:06:41 INFO  o.s.b.a.e.web.EndpointLinksResolver - Exposing 1 endpoint(s) beneath base path '/actuator'
2024-09-20 10:06:41 INFO  o.a.coyote.http11.Http11NioProtocol - Starting ProtocolHandler ["http-nio-1996"]
2024-09-20 10:06:41 INFO  o.s.b.w.e.tomcat.TomcatWebServer - Tomcat started on port(s): 1996 (http) with context path ''
2024-09-20 10:06:41 INFO  com.cab.DemoApplication - Started DemoApplication in 8.601 seconds (process running for 10.94)
2024-09-20 10:06:42 INFO  o.a.c.c.C.[Tomcat].[localhost].[/] - Initializing Spring DispatcherServlet 'dispatcherServlet'
2024-09-20 10:06:42 INFO  o.s.web.servlet.DispatcherServlet - Initializing Servlet 'dispatcherServlet'
2024-09-20 10:06:42 INFO  o.s.web.servlet.DispatcherServlet - Completed initialization in 3 ms
2024-09-20 13:28:22 WARN  com.zaxxer.hikari.pool.HikariPool - HikariPool-1 - Thread starvation or clock leap detected (housekeeper delta=26m41s656ms983µs100ns).
2024-09-20 14:10:13 WARN  com.zaxxer.hikari.pool.HikariPool - HikariPool-1 - Thread starvation or clock leap detected (housekeeper delta=49s866ms651µs300ns).
2024-09-20 20:59:45 WARN  com.zaxxer.hikari.pool.HikariPool - HikariPool-1 - Thread starvation or clock leap detected (housekeeper delta=29m55s209ms141µs301ns).
2024-09-20 22:06:55 WARN  com.zaxxer.hikari.pool.HikariPool - HikariPool-1 - Thread starvation or clock leap detected (housekeeper delta=49m9s322ms252µs100ns).
