2024-09-04 12:01:34 INFO  o.h.validator.internal.util.Version - HV000001: Hibernate Validator 8.0.0.Final
2024-09-04 12:01:34 INFO  com.cab.DemoApplication - Starting DemoApplication using Java 17.0.9 with PID 14852 (C:\Users\byama\Desktop\Documents\WebLabs Projects\CabBooking\onlineCabBooking\onlineCabBooking\target\classes started by byama in C:\Users\byama\Desktop\Documents\WebLabs Projects\CabBooking\onlineCabBooking\onlineCabBooking)
2024-09-04 12:01:34 INFO  com.cab.DemoApplication - No active profile set, falling back to 1 default profile: "default"
2024-09-04 12:01:34 INFO  o.s.b.d.e.DevToolsPropertyDefaultsPostProcessor - Devtools property defaults active! Set 'spring.devtools.add-properties' to 'false' to disable
2024-09-04 12:01:34 INFO  o.s.b.d.e.DevToolsPropertyDefaultsPostProcessor - For additional web related logging consider setting the 'logging.level.web' property to 'DEBUG'
2024-09-04 12:01:36 INFO  o.s.d.r.c.RepositoryConfigurationDelegate - Bootstrapping Spring Data JPA repositories in DEFAULT mode.
2024-09-04 12:01:36 INFO  o.s.d.r.c.RepositoryConfigurationDelegate - Finished Spring Data repository scanning in 125 ms. Found 12 JPA repository interfaces.
2024-09-04 12:01:37 INFO  o.s.b.w.e.tomcat.TomcatWebServer - Tomcat initialized with port(s): 1996 (http)
2024-09-04 12:01:37 INFO  o.a.coyote.http11.Http11NioProtocol - Initializing ProtocolHandler ["http-nio-1996"]
2024-09-04 12:01:37 INFO  o.a.catalina.core.StandardService - Starting service [Tomcat]
2024-09-04 12:01:37 INFO  o.a.catalina.core.StandardEngine - Starting Servlet engine: [Apache Tomcat/10.1.7]
2024-09-04 12:01:37 INFO  o.a.c.c.C.[Tomcat].[localhost].[/] - Initializing Spring embedded WebApplicationContext
2024-09-04 12:01:37 INFO  o.s.b.w.s.c.ServletWebServerApplicationContext - Root WebApplicationContext: initialization completed in 2622 ms
2024-09-04 12:01:37 INFO  o.h.jpa.internal.util.LogHelper - HHH000204: Processing PersistenceUnitInfo [name: default]
2024-09-04 12:01:37 INFO  org.hibernate.Version - HHH000412: Hibernate ORM core version 6.1.7.Final
2024-09-04 12:01:38 INFO  com.zaxxer.hikari.HikariDataSource - HikariPool-1 - Starting...
2024-09-04 12:01:38 INFO  com.zaxxer.hikari.pool.HikariPool - HikariPool-1 - Added connection com.mysql.cj.jdbc.ConnectionImpl@2473aa38
2024-09-04 12:01:38 INFO  com.zaxxer.hikari.HikariDataSource - HikariPool-1 - Start completed.
2024-09-04 12:01:38 INFO  SQL dialect - HHH000400: Using dialect: org.hibernate.dialect.MySQL8Dialect
2024-09-04 12:01:38 WARN  org.hibernate.orm.deprecation - HHH90000026: MySQL8Dialect has been deprecated; use org.hibernate.dialect.MySQLDialect instead
2024-09-04 12:01:39 INFO  o.h.e.t.j.p.i.JtaPlatformInitiator - HHH000490: Using JtaPlatform implementation: [org.hibernate.engine.transaction.jta.platform.internal.NoJtaPlatform]
2024-09-04 12:01:39 INFO  o.s.o.j.LocalContainerEntityManagerFactoryBean - Initialized JPA EntityManagerFactory for persistence unit 'default'
2024-09-04 12:01:41 WARN  o.s.b.a.o.j.JpaBaseConfiguration$JpaWebConfiguration - spring.jpa.open-in-view is enabled by default. Therefore, database queries may be performed during view rendering. Explicitly configure spring.jpa.open-in-view to disable this warning
2024-09-04 12:01:42 INFO  o.s.b.d.a.OptionalLiveReloadServer - LiveReload server is running on port 35729
2024-09-04 12:01:42 INFO  o.s.b.a.e.web.EndpointLinksResolver - Exposing 1 endpoint(s) beneath base path '/actuator'
2024-09-04 12:01:42 INFO  o.a.coyote.http11.Http11NioProtocol - Starting ProtocolHandler ["http-nio-1996"]
2024-09-04 12:01:42 INFO  o.s.b.w.e.tomcat.TomcatWebServer - Tomcat started on port(s): 1996 (http) with context path ''
2024-09-04 12:01:42 INFO  com.cab.DemoApplication - Started DemoApplication in 8.172 seconds (process running for 9.483)
2024-09-04 12:01:43 INFO  o.a.c.c.C.[Tomcat].[localhost].[/] - Initializing Spring DispatcherServlet 'dispatcherServlet'
2024-09-04 12:01:43 INFO  o.s.web.servlet.DispatcherServlet - Initializing Servlet 'dispatcherServlet'
2024-09-04 12:01:43 INFO  o.s.web.servlet.DispatcherServlet - Completed initialization in 1 ms
